<?xml version="1.0" encoding="UTF-8"?>
<testng-results ignored="0" total="5" passed="5" failed="0" skipped="0">
  <reporter-output>
  </reporter-output>
  <suite started-at="2021-11-18T19:24:18Z" name="All Test Suite" finished-at="2021-11-18T19:24:45Z" duration-ms="27004">
    <groups>
    </groups>
    <test started-at="2021-11-18T19:24:18Z" name="Test1:LoginTest" finished-at="2021-11-18T19:24:21Z" duration-ms="2951">
      <class name="tests.login.LoginTest">
        <test-method signature="checkLogin()[pri:0, instance:tests.login.LoginTest@57545c3f]" started-at="2021-11-18T19:24:18Z" name="checkLogin" finished-at="2021-11-18T19:24:21Z" duration-ms="2502" status="PASS">
          <reporter-output>
          </reporter-output>
        </test-method> <!-- checkLogin -->
      </class> <!-- tests.login.LoginTest -->
    </test> <!-- Test1:LoginTest -->
    <test started-at="2021-11-18T19:24:21Z" name="Test2:challengeTest" finished-at="2021-11-18T19:24:32Z" duration-ms="10654">
      <class name="tests.challenge.challengeTest">
        <test-method signature="checkEnrollOnce()[pri:0, instance:tests.challenge.challengeTest@345d053b]" started-at="2021-11-18T19:24:21Z" name="checkEnrollOnce" finished-at="2021-11-18T19:24:31Z" duration-ms="10160" status="PASS">
          <reporter-output>
          </reporter-output>
        </test-method> <!-- checkEnrollOnce -->
        <test-method signature="checkEnrollTwice()[pri:0, instance:tests.challenge.challengeTest@345d053b]" started-at="2021-11-18T19:24:31Z" name="checkEnrollTwice" finished-at="2021-11-18T19:24:32Z" duration-ms="486" status="PASS">
          <reporter-output>
          </reporter-output>
        </test-method> <!-- checkEnrollTwice -->
      </class> <!-- tests.challenge.challengeTest -->
    </test> <!-- Test2:challengeTest -->
    <test started-at="2021-11-18T19:24:32Z" name="Test3:createTest" finished-at="2021-11-18T19:24:42Z" duration-ms="10418">
      <class name="tests.create.createChallengeTest">
        <test-method signature="checkCreateChallenge()[pri:0, instance:tests.create.createChallengeTest@46911148]" started-at="2021-11-18T19:24:32Z" name="checkCreateChallenge" finished-at="2021-11-18T19:24:42Z" duration-ms="10412" status="PASS">
          <reporter-output>
          </reporter-output>
        </test-method> <!-- checkCreateChallenge -->
      </class> <!-- tests.create.createChallengeTest -->
    </test> <!-- Test3:createTest -->
    <test started-at="2021-11-18T19:24:42Z" name="Test4:registerTest" finished-at="2021-11-18T19:24:45Z" duration-ms="2816">
      <class name="tests.register.RegisterTest">
        <test-method signature="checkRegister()[pri:0, instance:tests.register.RegisterTest@71cea1b8]" started-at="2021-11-18T19:24:42Z" name="checkRegister" finished-at="2021-11-18T19:24:45Z" duration-ms="2810" status="PASS">
          <reporter-output>
          </reporter-output>
        </test-method> <!-- checkRegister -->
        <test-method is-config="true" signature="close()[pri:0, instance:tests.register.RegisterTest@71cea1b8]" started-at="2021-11-18T19:24:45Z" name="close" finished-at="2021-11-18T19:24:46Z" duration-ms="899" status="PASS">
          <reporter-output>
          </reporter-output>
        </test-method> <!-- close -->
      </class> <!-- tests.register.RegisterTest -->
    </test> <!-- Test4:registerTest -->
  </suite> <!-- All Test Suite -->
</testng-results>
