<?xml version="1.0" encoding="UTF-8"?>
<testng-results ignored="0" total="1" passed="1" failed="0" skipped="0">
  <reporter-output>
  </reporter-output>
  <suite started-at="2021-11-18T12:05:50Z" name="All Test Suite" finished-at="2021-11-18T12:05:54Z" duration-ms="3859">
    <groups>
    </groups>
    <test started-at="2021-11-18T12:05:50Z" name="C:/Users/arail/Desktop/Astana IT University/TestingFinalFramework" finished-at="2021-11-18T12:05:54Z" duration-ms="3859">
      <class name="tests.login.LoginTest">
        <test-method signature="checkLogin()[pri:0, instance:tests.login.LoginTest@56382bc9]" started-at="2021-11-18T12:05:51Z" name="checkLogin" finished-at="2021-11-18T12:05:54Z" duration-ms="3447" status="PASS">
          <reporter-output>
          </reporter-output>
        </test-method> <!-- checkLogin -->
        <test-method is-config="true" signature="close()[pri:0, instance:tests.login.LoginTest@56382bc9]" started-at="2021-11-18T12:05:54Z" name="close" finished-at="2021-11-18T12:05:56Z" duration-ms="1288" status="PASS">
          <reporter-output>
          </reporter-output>
        </test-method> <!-- close -->
      </class> <!-- tests.login.LoginTest -->
    </test> <!-- C:/Users/arail/Desktop/Astana IT University/TestingFinalFramework -->
  </suite> <!-- All Test Suite -->
</testng-results>
